<?xml version="1.0" encoding="UTF-8"?>
<!-- Generated by org.testng.reporters.JUnitXMLReporter -->
<testsuite ignored="0" hostname="ABOLI_WANSUTRE" failures="1" tests="8" name="parallel" time="17.756" errors="0" timestamp="2023-12-24T20:05:26 IST">
  <testcase classname="serialandparallel.SerialandParallelUsing" name="a" time="0.008"/>
  <testcase classname="serialandparallel.SerialandParallelUsing" name="b" time="0.001"/>
  <testcase classname="serialandparallel.SerialandParallelUsing" name="c" time="0.005">
    <failure type="java.lang.AssertionError" message="null">
      <![CDATA[java.lang.AssertionError: null
at serialandparallel.SerialandParallelUsing.c(SerialandParallelUsing.java:22)
at java.base/java.util.ArrayList.forEach(ArrayList.java:1511)
... Removed 29 stack frames]]>
    </failure>
  </testcase> <!-- c -->
  <testcase classname="serialandparallel.SerialandParallelUsing" name="d" time="0.002"/>
  <testcase classname="serialandparallel.SerialandParallelUsing" name="e" time="0.002"/>
  <testcase classname="serialandparallel.Instagramuse" name="Instangram" time="7.642"/>
  <testcase classname="serialandparallel.YoutubeUse" name="youtube" time="6.814"/>
  <testcase classname="serialandparallel.FacebookUse" name="Facebook" time="3.217"/>
</testsuite> <!-- parallel -->
